<?xml version="1.0" encoding="UTF-8"?>
<!-- Generated by org.testng.reporters.JUnitReportReporter -->
<testsuite skipped="2" hostname="MAA-5CG838585D" name="org.Tngconcept.DataProvider" tests="5" failures="0" timestamp="19 Sep 2022 08:48:02 GMT" time="118.659" errors="0">
  <testcase name="tc1" time="43.397" classname="org.Tngconcept.DataProvider"/>
  <testcase name="tc1" time="37.688" classname="org.Tngconcept.DataProvider"/>
  <testcase name="tc1" time="37.574" classname="org.Tngconcept.DataProvider"/>
  <testcase name="tc3" classname="org.Tngconcept.DataProvider">
    <skipped/>
  </testcase> <!-- tc3 -->
  <testcase name="tc2" classname="org.Tngconcept.DataProvider">
    <skipped/>
  </testcase> <!-- tc2 -->
</testsuite> <!-- org.Tngconcept.DataProvider -->
