<?xml version="1.0" encoding="UTF-8"?>
<!-- Generated by org.testng.reporters.JUnitReportReporter -->
<testsuite skipped="1" hostname="MAA-5CG838585D" name="org.Tngconcept.TngOrders" tests="4" failures="0" timestamp="16 Sep 2022 08:44:46 GMT" time="105.746" errors="0">
  <testcase name="tc1" time="42.032" classname="org.Tngconcept.TngOrders"/>
  <testcase name="tc3" time="27.558" classname="org.Tngconcept.TngOrders"/>
  <testcase name="tc3" time="36.156" classname="org.Tngconcept.TngOrders"/>
  <testcase name="tc2" classname="org.Tngconcept.TngOrders">
    <skipped/>
  </testcase> <!-- tc2 -->
</testsuite> <!-- org.Tngconcept.TngOrders -->
