<?xml version="1.0" encoding="UTF-8"?>
<!-- Generated by org.testng.reporters.JUnitReportReporter -->
<testsuite skipped="0" hostname="MAA-5CG838585D" name="org.Tngconcept.Employee" tests="3" failures="0" timestamp="20 Sep 2022 15:04:09 GMT" time="0.026" errors="0">
  <testcase name="tc11" time="0.020" classname="org.Tngconcept.Employee"/>
  <testcase name="tc33" time="0.003" classname="org.Tngconcept.Employee"/>
  <testcase name="tc22" time="0.003" classname="org.Tngconcept.Employee"/>
</testsuite> <!-- org.Tngconcept.Employee -->
