<?xml version="1.0" encoding="UTF-8"?>
<!-- Generated by org.testng.reporters.JUnitReportReporter -->
<testsuite skipped="0" hostname="MAA-5CG838585D" name="org.utilities.Client" tests="3" failures="0" timestamp="17 Sep 2022 12:36:22 GMT" time="0.006" errors="0">
  <testcase name="tc1" time="0.003" classname="org.utilities.Client"/>
  <testcase name="tc3" time="0.001" classname="org.utilities.Client"/>
  <testcase name="tc2" time="0.002" classname="org.utilities.Client"/>
</testsuite> <!-- org.utilities.Client -->
