<?xml version="1.0" encoding="UTF-8"?>
<!-- Generated by org.testng.reporters.JUnitReportReporter -->
<testsuite skipped="0" hostname="MAA-5CG838585D" name="org.Tngconcept.Groupclass2" tests="1" failures="0" timestamp="19 Sep 2022 14:36:27 GMT" time="0.010" errors="0">
  <testcase name="tc11" time="0.010" classname="org.Tngconcept.Groupclass2"/>
</testsuite> <!-- org.Tngconcept.Groupclass2 -->
