<?xml version="1.0" encoding="UTF-8"?>
<!-- Generated by org.testng.reporters.JUnitReportReporter -->
<testsuite skipped="0" hostname="MAA-5CG838585D" name="org.utilities.Employee" tests="3" failures="0" timestamp="17 Sep 2022 12:36:22 GMT" time="0.024" errors="0">
  <testcase name="tc11" time="0.020" classname="org.utilities.Employee"/>
  <testcase name="tc22" time="0.002" classname="org.utilities.Employee"/>
  <testcase name="tc33" time="0.002" classname="org.utilities.Employee"/>
</testsuite> <!-- org.utilities.Employee -->
