<?xml version="1.0" encoding="UTF-8"?>
<!-- Generated by org.testng.reporters.JUnitReportReporter -->
<testsuite skipped="0" hostname="MAA-5CG838585D" name="org.Tngconcept.Client" tests="3" failures="0" timestamp="20 Sep 2022 15:04:09 GMT" time="0.025" errors="0">
  <testcase name="tc1" time="0.020" classname="org.Tngconcept.Client"/>
  <testcase name="tc3" time="0.002" classname="org.Tngconcept.Client"/>
  <testcase name="tc2" time="0.003" classname="org.Tngconcept.Client"/>
</testsuite> <!-- org.Tngconcept.Client -->
