<?xml version="1.0" encoding="UTF-8"?>
<!-- Generated by org.testng.reporters.JUnitReportReporter -->
<testsuite skipped="0" hostname="MAA-5CG838585D" name="org.Tngconcept.BrowseropenTXNG" tests="3" failures="0" timestamp="21 Sep 2022 06:28:19 GMT" time="121.158" errors="0">
  <testcase name="tc1" time="36.455" classname="org.Tngconcept.BrowseropenTXNG"/>
  <testcase name="tc1" time="50.584" classname="org.Tngconcept.BrowseropenTXNG"/>
  <testcase name="tc1" time="34.119" classname="org.Tngconcept.BrowseropenTXNG"/>
</testsuite> <!-- org.Tngconcept.BrowseropenTXNG -->
